This is pdfTeX, Version 3.14159265-2.6-1.40.16 (TeX Live 2015/Debian) (preloaded format=pdflatex 2019.1.3)  27 AUG 2019 01:42
entering extended mode
 restricted \write18 enabled.
 %&-line parsing enabled.
**Memoire.tex
(./Memoire.tex
LaTeX2e <2016/02/01>
Babel <3.9q> and hyphenation patterns for 81 language(s) loaded.
(/usr/share/texlive/texmf-dist/tex/latex/base/book.cls
Document Class: book 2014/09/29 v1.4h Standard LaTeX document class
(/usr/share/texlive/texmf-dist/tex/latex/base/bk12.clo
File: bk12.clo 2014/09/29 v1.4h Standard LaTeX file (size option)
)
\c@part=\count79
\c@chapter=\count80
\c@section=\count81
\c@subsection=\count82
\c@subsubsection=\count83
\c@paragraph=\count84
\c@subparagraph=\count85
\c@figure=\count86
\c@table=\count87
\abovecaptionskip=\skip41
\belowcaptionskip=\skip42
\bibindent=\dimen102
)
(/usr/share/texlive/texmf-dist/tex/generic/babel/babel.sty
Package: babel 2016/02/24 3.9q The Babel package

(/usr/share/texlive/texmf-dist/tex/generic/babel-french/frenchb.ldf
Language: frenchb 2016/02/13 v3.1l French support from the babel system

(/usr/share/texlive/texmf-dist/tex/generic/babel/babel.def
File: babel.def 2016/02/24 3.9q Babel common definitions
\babel@savecnt=\count88
\U@D=\dimen103
)
\l@acadian = a dialect from \language\l@french 
\l@canadien = a dialect from \language\l@french 
\FBcolonskip=\skip43
\FBthinskip=\skip44
Package babel Info: Making : an active character on input line 342.
Package babel Info: Making ; an active character on input line 343.
Package babel Info: Making ! an active character on input line 344.
Package babel Info: Making ? an active character on input line 345.
\FBguillskip=\skip45
\FBguill@level=\count89
\FB@everypar=\toks14
\FB@Mht=\dimen104
\std@mcc=\count90
\dec@mcc=\count91
\listindentFB=\skip46
\labelwidthFB=\skip47
\leftmarginFB=\skip48
\parindentFFN=\dimen105
))
(/usr/share/texlive/texmf-dist/tex/latex/carlisle/scalefnt.sty)
(/usr/share/texlive/texmf-dist/tex/latex/graphics/keyval.sty
Package: keyval 2014/10/28 v1.15 key=value parser (DPC)
\KV@toks@=\toks15
)
(/usr/share/texlive/texmf-dist/tex/latex/base/fontenc.sty
Package: fontenc 2005/09/27 v1.99g Standard LaTeX package

(/usr/share/texlive/texmf-dist/tex/latex/base/t1enc.def
File: t1enc.def 2005/09/27 v1.99g Standard LaTeX file
LaTeX Font Info:    Redeclaring font encoding T1 on input line 48.
))
(/usr/share/texmf/tex/latex/lm/lmodern.sty
Package: lmodern 2009/10/30 v1.6 Latin Modern Fonts
LaTeX Font Info:    Overwriting symbol font `operators' in version `normal'
(Font)                  OT1/cmr/m/n --> OT1/lmr/m/n on input line 22.
LaTeX Font Info:    Overwriting symbol font `letters' in version `normal'
(Font)                  OML/cmm/m/it --> OML/lmm/m/it on input line 23.
LaTeX Font Info:    Overwriting symbol font `symbols' in version `normal'
(Font)                  OMS/cmsy/m/n --> OMS/lmsy/m/n on input line 24.
LaTeX Font Info:    Overwriting symbol font `largesymbols' in version `normal'
(Font)                  OMX/cmex/m/n --> OMX/lmex/m/n on input line 25.
LaTeX Font Info:    Overwriting symbol font `operators' in version `bold'
(Font)                  OT1/cmr/bx/n --> OT1/lmr/bx/n on input line 26.
LaTeX Font Info:    Overwriting symbol font `letters' in version `bold'
(Font)                  OML/cmm/b/it --> OML/lmm/b/it on input line 27.
LaTeX Font Info:    Overwriting symbol font `symbols' in version `bold'
(Font)                  OMS/cmsy/b/n --> OMS/lmsy/b/n on input line 28.
LaTeX Font Info:    Overwriting symbol font `largesymbols' in version `bold'
(Font)                  OMX/cmex/m/n --> OMX/lmex/m/n on input line 29.
LaTeX Font Info:    Overwriting math alphabet `\mathbf' in version `normal'
(Font)                  OT1/cmr/bx/n --> OT1/lmr/bx/n on input line 31.
LaTeX Font Info:    Overwriting math alphabet `\mathsf' in version `normal'
(Font)                  OT1/cmss/m/n --> OT1/lmss/m/n on input line 32.
LaTeX Font Info:    Overwriting math alphabet `\mathit' in version `normal'
(Font)                  OT1/cmr/m/it --> OT1/lmr/m/it on input line 33.
LaTeX Font Info:    Overwriting math alphabet `\mathtt' in version `normal'
(Font)                  OT1/cmtt/m/n --> OT1/lmtt/m/n on input line 34.
LaTeX Font Info:    Overwriting math alphabet `\mathbf' in version `bold'
(Font)                  OT1/cmr/bx/n --> OT1/lmr/bx/n on input line 35.
LaTeX Font Info:    Overwriting math alphabet `\mathsf' in version `bold'
(Font)                  OT1/cmss/bx/n --> OT1/lmss/bx/n on input line 36.
LaTeX Font Info:    Overwriting math alphabet `\mathit' in version `bold'
(Font)                  OT1/cmr/bx/it --> OT1/lmr/bx/it on input line 37.
LaTeX Font Info:    Overwriting math alphabet `\mathtt' in version `bold'
(Font)                  OT1/cmtt/m/n --> OT1/lmtt/m/n on input line 38.
)
(/usr/share/texlive/texmf-dist/tex/latex/base/inputenc.sty
Package: inputenc 2015/03/17 v1.2c Input encoding file
\inpenc@prehook=\toks16
\inpenc@posthook=\toks17

(/usr/share/texlive/texmf-dist/tex/latex/ucs/utf8x.def
File: utf8x.def 2004/10/17 UCS: Input encoding UTF-8
))
(/usr/share/texlive/texmf-dist/tex/latex/ucs/ucs.sty
Package: ucs 2013/05/11 v2.2 UCS: Unicode input support

(/usr/share/texlive/texmf-dist/tex/latex/ucs/data/uni-global.def
File: uni-global.def 2013/05/13 UCS: Unicode global data
)
\uc@secondtry=\count92
\uc@combtoks=\toks18
\uc@combtoksb=\toks19
\uc@temptokena=\toks20
)
(/usr/share/texlive/texmf-dist/tex/latex/graphics/graphicx.sty
Package: graphicx 2014/10/28 v1.0g Enhanced LaTeX Graphics (DPC,SPQR)

(/usr/share/texlive/texmf-dist/tex/latex/graphics/graphics.sty
Package: graphics 2016/01/03 v1.0q Standard LaTeX Graphics (DPC,SPQR)

(/usr/share/texlive/texmf-dist/tex/latex/graphics/trig.sty
Package: trig 2016/01/03 v1.10 sin cos tan (DPC)
)
(/usr/share/texlive/texmf-dist/tex/latex/latexconfig/graphics.cfg
File: graphics.cfg 2010/04/23 v1.9 graphics configuration of TeX Live
)
Package graphics Info: Driver file: pdftex.def on input line 95.

(/usr/share/texlive/texmf-dist/tex/latex/pdftex-def/pdftex.def
File: pdftex.def 2011/05/27 v0.06d Graphics/color for pdfTeX

(/usr/share/texlive/texmf-dist/tex/generic/oberdiek/infwarerr.sty
Package: infwarerr 2010/04/08 v1.3 Providing info/warning/error messages (HO)
)
(/usr/share/texlive/texmf-dist/tex/generic/oberdiek/ltxcmds.sty
Package: ltxcmds 2011/11/09 v1.22 LaTeX kernel commands for general use (HO)
)
\Gread@gobject=\count93
))
\Gin@req@height=\dimen106
\Gin@req@width=\dimen107
)
(/usr/share/texlive/texmf-dist/tex/latex/caption/caption.sty
Package: caption 2016/02/21 v3.3-144 Customizing captions (AR)

(/usr/share/texlive/texmf-dist/tex/latex/caption/caption3.sty
Package: caption3 2016/02/04 v1.7-139 caption3 kernel (AR)
Package caption3 Info: TeX engine: e-TeX on input line 67.
\captionmargin=\dimen108
\captionmargin@=\dimen109
\captionwidth=\dimen110
\caption@tempdima=\dimen111
\caption@indent=\dimen112
\caption@parindent=\dimen113
\caption@hangindent=\dimen114
)
\c@ContinuedFloat=\count94
)
(/usr/share/texlive/texmf-dist/tex/latex/hyperref/hyperref.sty
Package: hyperref 2012/11/06 v6.83m Hypertext links for LaTeX

(/usr/share/texlive/texmf-dist/tex/generic/oberdiek/hobsub-hyperref.sty
Package: hobsub-hyperref 2012/05/28 v1.13 Bundle oberdiek, subset hyperref (HO)


(/usr/share/texlive/texmf-dist/tex/generic/oberdiek/hobsub-generic.sty
Package: hobsub-generic 2012/05/28 v1.13 Bundle oberdiek, subset generic (HO)
Package: hobsub 2012/05/28 v1.13 Construct package bundles (HO)
Package hobsub Info: Skipping package `infwarerr' (already loaded).
Package hobsub Info: Skipping package `ltxcmds' (already loaded).
Package: ifluatex 2010/03/01 v1.3 Provides the ifluatex switch (HO)
Package ifluatex Info: LuaTeX not detected.
Package: ifvtex 2010/03/01 v1.5 Detect VTeX and its facilities (HO)
Package ifvtex Info: VTeX not detected.
Package: intcalc 2007/09/27 v1.1 Expandable calculations with integers (HO)
Package: ifpdf 2011/01/30 v2.3 Provides the ifpdf switch (HO)
Package ifpdf Info: pdfTeX in PDF mode is detected.
Package: etexcmds 2011/02/16 v1.5 Avoid name clashes with e-TeX commands (HO)
Package etexcmds Info: Could not find \expanded.
(etexcmds)             That can mean that you are not using pdfTeX 1.50 or
(etexcmds)             that some package has redefined \expanded.
(etexcmds)             In the latter case, load this package earlier.
Package: kvsetkeys 2012/04/25 v1.16 Key value parser (HO)
Package: kvdefinekeys 2011/04/07 v1.3 Define keys (HO)
Package: pdftexcmds 2011/11/29 v0.20 Utility functions of pdfTeX for LuaTeX (HO
)
Package pdftexcmds Info: LuaTeX not detected.
Package pdftexcmds Info: \pdf@primitive is available.
Package pdftexcmds Info: \pdf@ifprimitive is available.
Package pdftexcmds Info: \pdfdraftmode found.
Package: pdfescape 2011/11/25 v1.13 Implements pdfTeX's escape features (HO)
Package: bigintcalc 2012/04/08 v1.3 Expandable calculations on big integers (HO
)
Package: bitset 2011/01/30 v1.1 Handle bit-vector datatype (HO)
Package: uniquecounter 2011/01/30 v1.2 Provide unlimited unique counter (HO)
)
Package hobsub Info: Skipping package `hobsub' (already loaded).
Package: letltxmacro 2010/09/02 v1.4 Let assignment for LaTeX macros (HO)
Package: hopatch 2012/05/28 v1.2 Wrapper for package hooks (HO)
Package: xcolor-patch 2011/01/30 xcolor patch
Package: atveryend 2011/06/30 v1.8 Hooks at the very end of document (HO)
Package atveryend Info: \enddocument detected (standard20110627).
Package: atbegshi 2011/10/05 v1.16 At begin shipout hook (HO)
Package: refcount 2011/10/16 v3.4 Data extraction from label references (HO)
Package: hycolor 2011/01/30 v1.7 Color options for hyperref/bookmark (HO)
)
(/usr/share/texlive/texmf-dist/tex/generic/ifxetex/ifxetex.sty
Package: ifxetex 2010/09/12 v0.6 Provides ifxetex conditional
)
(/usr/share/texlive/texmf-dist/tex/latex/oberdiek/auxhook.sty
Package: auxhook 2011/03/04 v1.3 Hooks for auxiliary files (HO)
)
(/usr/share/texlive/texmf-dist/tex/latex/oberdiek/kvoptions.sty
Package: kvoptions 2011/06/30 v3.11 Key value format for package options (HO)
)
\@linkdim=\dimen115
\Hy@linkcounter=\count95
\Hy@pagecounter=\count96

(/usr/share/texlive/texmf-dist/tex/latex/hyperref/pd1enc.def
File: pd1enc.def 2012/11/06 v6.83m Hyperref: PDFDocEncoding definition (HO)
)
\Hy@SavedSpaceFactor=\count97

(/usr/share/texlive/texmf-dist/tex/latex/latexconfig/hyperref.cfg
File: hyperref.cfg 2002/06/06 v1.2 hyperref configuration of TeXLive
)
Package hyperref Info: Hyper figures OFF on input line 4443.
Package hyperref Info: Link nesting OFF on input line 4448.
Package hyperref Info: Hyper index ON on input line 4451.
Package hyperref Info: Plain pages OFF on input line 4458.
Package hyperref Info: Backreferencing OFF on input line 4463.
Package hyperref Info: Implicit mode ON; LaTeX internals redefined.
Package hyperref Info: Bookmarks ON on input line 4688.
\c@Hy@tempcnt=\count98

(/usr/share/texlive/texmf-dist/tex/latex/url/url.sty
\Urlmuskip=\muskip10
Package: url 2013/09/16  ver 3.4  Verb mode for urls, etc.
)
LaTeX Info: Redefining \url on input line 5041.
\XeTeXLinkMargin=\dimen116
\Fld@menulength=\count99
\Field@Width=\dimen117
\Fld@charsize=\dimen118
Package hyperref Info: Hyper figures OFF on input line 6295.
Package hyperref Info: Link nesting OFF on input line 6300.
Package hyperref Info: Hyper index ON on input line 6303.
Package hyperref Info: backreferencing OFF on input line 6310.
Package hyperref Info: Link coloring OFF on input line 6315.
Package hyperref Info: Link coloring with OCG OFF on input line 6320.
Package hyperref Info: PDF/A mode OFF on input line 6325.
LaTeX Info: Redefining \ref on input line 6365.
LaTeX Info: Redefining \pageref on input line 6369.
\Hy@abspage=\count100
\c@Item=\count101
\c@Hfootnote=\count102
)

Package hyperref Message: Driver (autodetected): hpdftex.

(/usr/share/texlive/texmf-dist/tex/latex/hyperref/hpdftex.def
File: hpdftex.def 2012/11/06 v6.83m Hyperref driver for pdfTeX
\Fld@listcount=\count103
\c@bookmark@seq@number=\count104

(/usr/share/texlive/texmf-dist/tex/latex/oberdiek/rerunfilecheck.sty
Package: rerunfilecheck 2011/04/15 v1.7 Rerun checks for auxiliary files (HO)
Package uniquecounter Info: New unique counter `rerunfilecheck' on input line 2
82.
)
\Hy@SectionHShift=\skip49
)
(/usr/share/texlive/texmf-dist/tex/latex/natbib/natbib.sty
Package: natbib 2010/09/13 8.31b (PWD, AO)
\bibhang=\skip50
\bibsep=\skip51
LaTeX Info: Redefining \cite on input line 694.
\c@NAT@ctr=\count105
)
(/usr/share/texlive/texmf-dist/tex/latex/algorithm2e/algorithm2e.sty
Package: algorithm2e 2013/01/06 v5.00 algorithms environments
\c@AlgoLine=\count106

(/usr/share/texlive/texmf-dist/tex/latex/base/ifthen.sty
Package: ifthen 2014/09/29 v1.1c Standard LaTeX ifthen package (DPC)
)
\algocf@hangindent=\skip52

(/usr/share/texlive/texmf-dist/tex/latex/tools/xspace.sty
Package: xspace 2014/10/28 v1.13 Space after command names (DPC,MH)
)
(/usr/share/texlive/texmf-dist/tex/latex/relsize/relsize.sty
Package: relsize 2013/03/29 ver 4.1
)
********************************************************
Package `algorithm2e' Release 5.1 -- october 19 2015 --
- algorithm2e-announce@lirmm.fr mailing list for announcement about releases
- algorithm2e-discussion@lirmm.fr mailing list for discussion about package
subscribe by emailing sympa@lirmm.fr with 'subscribe <list> <firstname name>'
- Author: Christophe Fiorio (christophe.fiorio@umontpellier.fr)
********************************************************
\skiptotal=\skip53
\skiplinenumber=\skip54
\skiprule=\skip55
\skiphlne=\skip56
\skiptext=\skip57
\skiplength=\skip58
\algomargin=\skip59
\skipalgocfslide=\skip60
\algowidth=\dimen119
\inoutsize=\dimen120
\inoutindent=\dimen121
\interspacetitleruled=\dimen122
\interspacealgoruled=\dimen123
\interspacetitleboxruled=\dimen124
\algocf@ruledwidth=\skip61
\algocf@inoutbox=\box26
\algocf@inputbox=\box27
\AlCapSkip=\skip62
\AlCapHSkip=\skip63
\algoskipindent=\skip64
\algocf@nlbox=\box28
\algocf@hangingbox=\box29
\algocf@untilbox=\box30
\algocf@skipuntil=\skip65
\algocf@capbox=\box31
\algoheightruledefault=\skip66
\algoheightrule=\skip67
\algotitleheightruledefault=\skip68
\algotitleheightrule=\skip69
\c@algocfline=\count107
\c@algocfproc=\count108
\c@algocf=\count109
\algocf@algoframe=\box32
\algocf@algobox=\box33
) (/usr/share/texlive/texmf-dist/tex/latex/fancyhdr/fancyhdr.sty
\fancy@headwidth=\skip70
\f@ncyO@elh=\skip71
\f@ncyO@erh=\skip72
\f@ncyO@olh=\skip73
\f@ncyO@orh=\skip74
\f@ncyO@elf=\skip75
\f@ncyO@erf=\skip76
\f@ncyO@olf=\skip77
\f@ncyO@orf=\skip78
)
(/usr/share/texlive/texmf-dist/tex/latex/tools/array.sty
Package: array 2014/10/28 v2.4c Tabular extension package (FMi)
\col@sep=\dimen125
\extrarowheight=\dimen126
\NC@list=\toks21
\extratabsurround=\skip79
\backup@length=\skip80
)
(/usr/share/texlive/texmf-dist/tex/latex/multirow/multirow.sty
\bigstrutjot=\dimen127
)
(/usr/share/texlive/texmf-dist/tex/latex/makecell/makecell.sty
Package: makecell 2009/08/03 V0.1e Managing of Tab Column Heads and Cells
\rotheadsize=\dimen128
\c@nlinenum=\count110
\TeXr@lab=\toks22
)
(/usr/share/texlive/texmf-dist/tex/latex/fancybox/fancybox.sty
Package: fancybox 2010/05/15 1.4

Style option: `fancybox' v1.4 <2010/05/15> (tvz)
\@fancybox=\box34
\shadowsize=\dimen129
\@Sbox=\box35
\do@VerbBox=\toks23
\the@fancyput=\toks24
\this@fancyput=\toks25
\EndVerbatimTokens=\toks26
\Verbatim@Outfile=\write3
\Verbatim@Infile=\read1
) (/usr/share/texlive/texmf-dist/tex/latex/boxedminipage/boxedminipage.sty)
(/usr/share/texlive/texmf-dist/tex/latex/oberdiek/epstopdf.sty
Package: epstopdf 2010/02/09 v2.5 Conversion with epstopdf on the fly (HO)

(/usr/share/texlive/texmf-dist/tex/latex/oberdiek/epstopdf-base.sty
Package: epstopdf-base 2010/02/09 v2.5 Base part for package epstopdf

(/usr/share/texlive/texmf-dist/tex/latex/oberdiek/grfext.sty
Package: grfext 2010/08/19 v1.1 Manage graphics extensions (HO)
)
Package grfext Info: Graphics extension search list:
(grfext)             [.png,.pdf,.jpg,.mps,.jpeg,.jbig2,.jb2,.PNG,.PDF,.JPG,.JPE
G,.JBIG2,.JB2,.eps]
(grfext)             \AppendGraphicsExtensions on input line 452.

(/usr/share/texlive/texmf-dist/tex/latex/latexconfig/epstopdf-sys.cfg
File: epstopdf-sys.cfg 2010/07/13 v1.3 Configuration of (r)epstopdf for TeX Liv
e
)))
\c@Def=\count111
\c@Exp=\count112
\c@Rq=\count113
\c@Prop=\count114
\c@Lemme=\count115

(./Memoire.aux)
\openout1 = `Memoire.aux'.

LaTeX Font Info:    Checking defaults for OML/cmm/m/it on input line 36.
LaTeX Font Info:    ... okay on input line 36.
LaTeX Font Info:    Checking defaults for T1/cmr/m/n on input line 36.
LaTeX Font Info:    ... okay on input line 36.
LaTeX Font Info:    Checking defaults for OT1/cmr/m/n on input line 36.
LaTeX Font Info:    ... okay on input line 36.
LaTeX Font Info:    Checking defaults for OMS/cmsy/m/n on input line 36.
LaTeX Font Info:    ... okay on input line 36.
LaTeX Font Info:    Checking defaults for OMX/cmex/m/n on input line 36.
LaTeX Font Info:    ... okay on input line 36.
LaTeX Font Info:    Checking defaults for U/cmr/m/n on input line 36.
LaTeX Font Info:    ... okay on input line 36.
LaTeX Font Info:    Checking defaults for PD1/pdf/m/n on input line 36.
LaTeX Font Info:    ... okay on input line 36.
LaTeX Font Info:    Try loading font information for T1+lmr on input line 36.
 (/usr/share/texmf/tex/latex/lm/t1lmr.fd
File: t1lmr.fd 2009/10/30 v1.6 Font defs for Latin Modern
)
LaTeX Info: Redefining \degres on input line 36.
LaTeX Info: Redefining \dots on input line 36.


Package frenchb.ldf Warning: Please load the "natbib" package
(frenchb.ldf)                BEFORE babel/frenchb; reported on input line 36.

LaTeX Info: Redefining \up on input line 36.
(/usr/share/texlive/texmf-dist/tex/latex/ucs/ucsencs.def
File: ucsencs.def 2011/01/21 Fixes to fontencodings LGR, T3
)
(/usr/share/texlive/texmf-dist/tex/context/base/supp-pdf.mkii
[Loading MPS to PDF converter (version 2006.09.02).]
\scratchcounter=\count116
\scratchdimen=\dimen130
\scratchbox=\box36
\nofMPsegments=\count117
\nofMParguments=\count118
\everyMPshowfont=\toks27
\MPscratchCnt=\count119
\MPscratchDim=\dimen131
\MPnumerator=\count120
\makeMPintoPDFobject=\count121
\everyMPtoPDFconversion=\toks28
)
Package caption Info: Begin \AtBeginDocument code.
Package caption Info: hyperref package is loaded.
Package caption Info: End \AtBeginDocument code.
\AtBeginShipoutBox=\box37
Package hyperref Info: Link coloring OFF on input line 36.
 (/usr/share/texlive/texmf-dist/tex/latex/hyperref/nameref.sty
Package: nameref 2012/10/27 v2.43 Cross-referencing by name of section

(/usr/share/texlive/texmf-dist/tex/generic/oberdiek/gettitlestring.sty
Package: gettitlestring 2010/12/03 v1.4 Cleanup title references (HO)
)
\c@section@level=\count122
)
LaTeX Info: Redefining \ref on input line 36.
LaTeX Info: Redefining \pageref on input line 36.
LaTeX Info: Redefining \nameref on input line 36.

(./Memoire.out) (./Memoire.out)
\@outlinefile=\write4
\openout4 = `Memoire.out'.

 (./Memoire.lof
LaTeX Font Info:    Try loading font information for OT1+lmr on input line 5.

(/usr/share/texmf/tex/latex/lm/ot1lmr.fd
File: ot1lmr.fd 2009/10/30 v1.6 Font defs for Latin Modern
)
LaTeX Font Info:    Try loading font information for OML+lmm on input line 5.

(/usr/share/texmf/tex/latex/lm/omllmm.fd
File: omllmm.fd 2009/10/30 v1.6 Font defs for Latin Modern
)
LaTeX Font Info:    Try loading font information for OMS+lmsy on input line 5.

(/usr/share/texmf/tex/latex/lm/omslmsy.fd
File: omslmsy.fd 2009/10/30 v1.6 Font defs for Latin Modern
)
LaTeX Font Info:    Try loading font information for OMX+lmex on input line 5.

(/usr/share/texmf/tex/latex/lm/omxlmex.fd
File: omxlmex.fd 2009/10/30 v1.6 Font defs for Latin Modern
)
LaTeX Font Info:    External font `lmex10' loaded for size
(Font)              <12> on input line 5.
LaTeX Font Info:    External font `lmex10' loaded for size
(Font)              <8> on input line 5.
LaTeX Font Info:    External font `lmex10' loaded for size
(Font)              <6> on input line 5.
)
\tf@lof=\write5
\openout5 = `Memoire.lof'.

 [1



{/var/lib/texmf/fonts/map/pdftex/updmap/pdftex.map}] (./Memoire.toc [2

])
\tf@toc=\write6
\openout6 = `Memoire.toc'.

 [3]
Chapitre 1.

Package hyperref Warning: Token not allowed in a PDF string (PDFDocEncoding):
(hyperref)                removing `\begingroup' on input line 44.


Package hyperref Warning: Token not allowed in a PDF string (PDFDocEncoding):
(hyperref)                removing `\<let>-command' on input line 44.


Package hyperref Warning: Token not allowed in a PDF string (PDFDocEncoding):
(hyperref)                removing `\utf@viii@undeferr' on input line 44.


Package hyperref Warning: Token not allowed in a PDF string (PDFDocEncoding):
(hyperref)                removing `\endgroup' on input line 44.


Package hyperref Warning: Token not allowed in a PDF string (PDFDocEncoding):
(hyperref)                removing `\begingroup' on input line 44.


Package hyperref Warning: Token not allowed in a PDF string (PDFDocEncoding):
(hyperref)                removing `\<let>-command' on input line 44.


Package hyperref Warning: Token not allowed in a PDF string (PDFDocEncoding):
(hyperref)                removing `\utf@viii@undeferr' on input line 44.


Package hyperref Warning: Token not allowed in a PDF string (PDFDocEncoding):
(hyperref)                removing `\endgroup' on input line 44.

(/usr/share/texlive/texmf-dist/tex/latex/ucs/data/uni-0.def
File: uni-0.def 2013/05/13 UCS: Unicode data U+0000..U+00FF
)
(/usr/share/texlive/texmf-dist/tex/latex/ucs/data/uni-32.def
File: uni-32.def 2013/05/13 UCS: Unicode data U+2000..U+20FF
) [1


]
Underfull \hbox (badness 10000) in paragraph at lines 80--82

 []

[2]
Chapitre 2.
[3

] [4] [5]
Overfull \hbox (13.7095pt too wide) in paragraph at lines 188--188
[]\T1/lmr/bx/n/17.28 Pourquoi avoir choisi cette pro-blé-ma-tique ? 
 []

[6] [7]
Chapitre 3.
[8

]
</home/boukala/Bureau/Memoire/figures/couches.png, id=384, 452.69125pt x 470.75
874pt>
File: /home/boukala/Bureau/Memoire/figures/couches.png Graphic file (type png)
 <use /home/boukala/Bureau/Memoire/figures/couches.png>
Package pdftex.def Info: /home/boukala/Bureau/Memoire/figures/couches.png used 
on input line 252.
(pdftex.def)             Requested size: 271.61684pt x 282.45743pt.


LaTeX Warning: `!h' float specifier changed to `!ht'.

[9] [10 </home/boukala/Bureau/Memoire/figures/couches.png>] [11]
(/usr/share/texlive/texmf-dist/tex/latex/ucs/data/uni-1.def
File: uni-1.def 2013/05/13 UCS: Unicode data U+0100..U+01FF
)
</home/boukala/Bureau/Memoire/figures/exempleRDF.png, id=419, 520.94624pt x 300
.12125pt>
File: /home/boukala/Bureau/Memoire/figures/exempleRDF.png Graphic file (type pn
g)
 <use /home/boukala/Bureau/Memoire/figures/exempleRDF.png>
Package pdftex.def Info: /home/boukala/Bureau/Memoire/figures/exempleRDF.png us
ed on input line 339.
(pdftex.def)             Requested size: 312.57016pt x 180.07413pt.
 [12 </home/boukala/Bureau/Memoire/figures/exempleRDF.png>]
Overfull \hbox (1.01387pt too wide) in paragraph at lines 360--361
\T1/lmr/m/n/12 met-tant de don-ner un sens aux in-for-ma-tions.(référence https
 ://www.institut-
 []


Overfull \hbox (0.3578pt too wide) in paragraph at lines 370--371
[]\T1/lmr/bx/n/12 Attributs \T1/lmr/m/n/12 : pro-prié-tés, fonc-tion-na-li-tés,
 ca-rac-té-ris-tiques ou pa-ra-mètres
 []


</home/boukala/Bureau/Memoire/figures/exempleOntologie.png, id=429, 657.45625pt
 x 229.85875pt>
File: /home/boukala/Bureau/Memoire/figures/exempleOntologie.png Graphic file (t
ype png)

<use /home/boukala/Bureau/Memoire/figures/exempleOntologie.png>
Package pdftex.def Info: /home/boukala/Bureau/Memoire/figures/exempleOntologie.
png used on input line 380.
(pdftex.def)             Requested size: 394.47679pt x 137.91629pt.

Overfull \hbox (4.47679pt too wide) in paragraph at lines 380--381
 [] 
 []


LaTeX Warning: `!h' float specifier changed to `!ht'.

[13] [14 </home/boukala/Bureau/Memoire/figures/exempleOntologie.png>] [15]
[16]
Overfull \hbox (8.49347pt too wide) in paragraph at lines 452--453
 [][] \T1/lmr/m/it/12 Taux de pré-ci-sion = (Nombre de do-cu-ments per-ti-nente
s re-trou-vés) / (Nombre
 []

[17]
</home/boukala/Bureau/Memoire/figures/architecture1.png, id=490, 745.78625pt x 
295.1025pt>
File: /home/boukala/Bureau/Memoire/figures/architecture1.png Graphic file (type
 png)
 <use /home/boukala/Bureau/Memoire/figures/architecture1.png>
Package pdftex.def Info: /home/boukala/Bureau/Memoire/figures/architecture1.png
 used on input line 502.
(pdftex.def)             Requested size: 372.89221pt x 147.55087pt.


LaTeX Warning: `!h' float specifier changed to `!ht'.

[18] [19 </home/boukala/Bureau/Memoire/figures/architecture1.png>]
Overfull \hbox (7.25302pt too wide) detected at line 535
\OML/lmm/m/it/12 CC\OT1/lmr/m/n/12 (%) = (\OML/lmm/m/it/12 No:commonconcepts\OT
1/lmr/m/n/12 )\OML/lmm/m/it/12 =\OT1/lmr/m/n/12 (\OML/lmm/m/it/12 Total no:conc
eptsinbothontologies\OT1/lmr/m/n/12 )
 []

[20] [21]
Underfull \hbox (badness 10000) in paragraph at lines 578--579

 []

[22]
Overfull \hbox (0.58461pt too wide) in paragraph at lines 605--606
 [][] \T1/lmr/m/n/12 Le se-cond filtre consiste à re-ti-rer les ca-rac-tères no
n al-pha-bé-tiques, exemple :
 []


Underfull \hbox (badness 10000) in paragraph at lines 615--617

 []


Underfull \hbox (badness 10000) in paragraph at lines 615--617

 []


Underfull \hbox (badness 10000) in paragraph at lines 619--620

 []


Underfull \hbox (badness 10000) in paragraph at lines 620--621

 []


Underfull \hbox (badness 10000) in paragraph at lines 628--632

 []


LaTeX Warning: `!h' float specifier changed to `!ht'.

[23]
</home/boukala/Bureau/Memoire/figures/diagramme2.png, id=577, 676.5275pt x 381.
425pt>
File: /home/boukala/Bureau/Memoire/figures/diagramme2.png Graphic file (type pn
g)
 <use /home/boukala/Bureau/Memoire/figures/diagramme2.png>
Package pdftex.def Info: /home/boukala/Bureau/Memoire/figures/diagramme2.png us
ed on input line 656.
(pdftex.def)             Requested size: 338.26291pt x 190.71202pt.

</home/boukala/Bureau/Memoire/figures/deroulementAlgo2.png, id=578, 853.1875pt 
x 729.72626pt>
File: /home/boukala/Bureau/Memoire/figures/deroulementAlgo2.png Graphic file (t
ype png)
 <use /home/boukala/Bureau/Memoire/figures/deroulementAlgo2.png>
Package pdftex.def Info: /home/boukala/Bureau/Memoire/figures/deroulementAlgo2.
png used on input line 665.
(pdftex.def)             Requested size: 426.59271pt x 364.86224pt.

Overfull \hbox (36.59271pt too wide) in paragraph at lines 665--666
 [] 
 []


LaTeX Warning: `!h' float specifier changed to `!ht'.


</home/boukala/Bureau/Memoire/figures/algo2.png, id=579, 552.0625pt x 481.8pt>
File: /home/boukala/Bureau/Memoire/figures/algo2.png Graphic file (type png)

<use /home/boukala/Bureau/Memoire/figures/algo2.png>
Package pdftex.def Info: /home/boukala/Bureau/Memoire/figures/algo2.png used on
 input line 681.
(pdftex.def)             Requested size: 331.24005pt x 289.08221pt.


LaTeX Warning: `!h' float specifier changed to `!ht'.

[24 </home/boukala/Bureau/Memoire/figures/diagramme2.png>] [25 </home/boukala/B
ureau/Memoire/figures/deroulementAlgo2.png>] [26 </home/boukala/Bureau/Memoire/
figures/algo2.png>] [27]
Chapitre 4.
[28

]
Underfull \hbox (badness 10000) in paragraph at lines 741--744

 []


Underfull \hbox (badness 10000) in paragraph at lines 747--748

 []


Underfull \hbox (badness 10000) in paragraph at lines 748--749

 []


Underfull \hbox (badness 10000) in paragraph at lines 749--750

 []


Overfull \hbox (30.79182pt too wide) in paragraph at lines 756--757
 [][] \T1/lmr/m/n/12 La fi-gure []4.1[] per-met d'illus-trer l'on-to-lo-gie dé-
crite ci-dessus en RDF/XML : 
 []


</home/boukala/Bureau/Memoire/figures/rdfinsurance.png, id=623, 780.9175pt x 55
1.05875pt>
File: /home/boukala/Bureau/Memoire/figures/rdfinsurance.png Graphic file (type 
png)
 <use /home/boukala/Bureau/Memoire/figures/rdfinsurance.png>
Package pdftex.def Info: /home/boukala/Bureau/Memoire/figures/rdfinsurance.png 
used on input line 760.
(pdftex.def)             Requested size: 468.55411pt x 330.63779pt.

Overfull \hbox (78.55411pt too wide) in paragraph at lines 760--761
 [] 
 []


LaTeX Warning: `!h' float specifier changed to `!ht'.


</home/boukala/Bureau/Memoire/figures/tableauConcepts.png, id=625, 932.48375pt 
x 537.00626pt>
File: /home/boukala/Bureau/Memoire/figures/tableauConcepts.png Graphic file (ty
pe png)
 <use /home/boukala/Bureau/Memoire/figures/tableauConcepts.png>
Package pdftex.def Info: /home/boukala/Bureau/Memoire/figures/tableauConcepts.p
ng used on input line 777.
(pdftex.def)             Requested size: 410.29411pt x 236.28348pt.

Overfull \hbox (20.29411pt too wide) in paragraph at lines 777--778
 [] 
 []


LaTeX Warning: `!h' float specifier changed to `!ht'.


</home/boukala/Bureau/Memoire/figures/TableRelations.png, id=627, 795.97375pt x
 258.9675pt>
File: /home/boukala/Bureau/Memoire/figures/TableRelations.png Graphic file (typ
e png)
 <use /home/boukala/Bureau/Memoire/figures/TableRelations.png>
Package pdftex.def Info: /home/boukala/Bureau/Memoire/figures/TableRelations.pn
g used on input line 788.
(pdftex.def)             Requested size: 350.22954pt x 113.94603pt.

[29]

LaTeX Warning: `!h' float specifier changed to `!ht'.

[30 </home/boukala/Bureau/Memoire/figures/rdfinsurance.png>]
</home/boukala/Bureau/Memoire/figures/architecture2.png, id=650, 507.8975pt x 3
19.1925pt>
File: /home/boukala/Bureau/Memoire/figures/architecture2.png Graphic file (type
 png)
 <use /home/boukala/Bureau/Memoire/figures/architecture2.png>
Package pdftex.def Info: /home/boukala/Bureau/Memoire/figures/architecture2.png
 used on input line 809.
(pdftex.def)             Requested size: 304.74086pt x 191.51697pt.


LaTeX Warning: `!h' float specifier changed to `!ht'.

[31 </home/boukala/Bureau/Memoire/figures/tableauConcepts.png> </home/boukala/B
ureau/Memoire/figures/TableRelations.png>]
Underfull \hbox (badness 10000) in paragraph at lines 823--825

 []


Underfull \hbox (badness 10000) in paragraph at lines 827--828

 []


Underfull \hbox (badness 10000) in paragraph at lines 828--829

 []


Underfull \hbox (badness 10000) in paragraph at lines 829--830

 []


Underfull \hbox (badness 10000) in paragraph at lines 830--831

 []


Underfull \hbox (badness 10000) in paragraph at lines 831--832

 []


Underfull \hbox (badness 10000) in paragraph at lines 835--838

 []

[32 </home/boukala/Bureau/Memoire/figures/architecture2.png>]

Package natbib Warning: Citation `pom2' on page 33 undefined on input line 843.



Underfull \hbox (badness 10000) in paragraph at lines 850--853

 []


Underfull \hbox (badness 10000) in paragraph at lines 855--856

 []


Underfull \hbox (badness 10000) in paragraph at lines 856--856

 []


Underfull \hbox (badness 10000) in paragraph at lines 856--857

 []

[33]
Underfull \hbox (badness 10000) in paragraph at lines 868--869

 []


</home/boukala/Bureau/Memoire/figures/pom.png, id=682, 807.015pt x 480.79625pt>
File: /home/boukala/Bureau/Memoire/figures/pom.png Graphic file (type png)
<use /home/boukala/Bureau/Memoire/figures/pom.png>
Package pdftex.def Info: /home/boukala/Bureau/Memoire/figures/pom.png used on i
nput line 873.
(pdftex.def)             Requested size: 403.50652pt x 240.39752pt.

Overfull \hbox (13.50652pt too wide) in paragraph at lines 873--874
 [] 
 []


Underfull \hbox (badness 10000) in paragraph at lines 880--881

 []

[34 </home/boukala/Bureau/Memoire/figures/pom.png>]
Overfull \hbox (16.54973pt too wide) in paragraph at lines 891--893
 [][] \T1/lmr/m/n/12 Ces ap-pli-ca-tions se basent es-sen-tiel-le-ment soit, su
r des ana-lyses linguistiques[[]]
 []


Underfull \hbox (badness 10000) in paragraph at lines 912--913

 []


Underfull \hbox (badness 10000) in paragraph at lines 914--915

 []


Underfull \hbox (badness 10000) in paragraph at lines 915--916

 []

[35]
Underfull \hbox (badness 10000) in paragraph at lines 916--917

 []


Underfull \hbox (badness 10000) in paragraph at lines 928--931

 []

LaTeX Font Info:    Try loading font information for T1+lmtt on input line 931.

(/usr/share/texmf/tex/latex/lm/t1lmtt.fd
File: t1lmtt.fd 2009/10/30 v1.6 Font defs for Latin Modern
)
Overfull \hbox (60.77522pt too wide) in paragraph at lines 934--934
[]\T1/lmtt/m/n/12 tokens = nltk.word_tokenize("Can you please buy me an Arizona
 Ice tea ?")[] 
 []


</home/boukala/Bureau/Memoire/figures/grammaire.png, id=716, 657.45625pt x 131.
49126pt>
File: /home/boukala/Bureau/Memoire/figures/grammaire.png Graphic file (type png
)
 <use /home/boukala/Bureau/Memoire/figures/grammaire.png>
Package pdftex.def Info: /home/boukala/Bureau/Memoire/figures/grammaire.png use
d on input line 940.
(pdftex.def)             Requested size: 394.47679pt x 78.89534pt.

Overfull \hbox (4.47679pt too wide) in paragraph at lines 940--941
 [] 
 []


Underfull \hbox (badness 10000) in paragraph at lines 945--947

 []


LaTeX Warning: `!h' float specifier changed to `!ht'.

[36 </home/boukala/Bureau/Memoire/figures/grammaire.png>]
Underfull \hbox (badness 10000) in paragraph at lines 987--988

 []


Underfull \hbox (badness 10000) in paragraph at lines 989--990

 []


Underfull \hbox (badness 10000) in paragraph at lines 991--992

 []


Underfull \hbox (badness 10000) in paragraph at lines 993--994

 []


Underfull \hbox (badness 10000) in paragraph at lines 994--995

 []


Underfull \hbox (badness 10000) in paragraph at lines 995--996

 []

[37]
Underfull \hbox (badness 10000) in paragraph at lines 1014--1017

 []


Underfull \hbox (badness 10000) in paragraph at lines 1018--1019

 []


Underfull \hbox (badness 10000) in paragraph at lines 1019--1020

 []


Underfull \hbox (badness 10000) in paragraph at lines 1020--1021

 []


Underfull \hbox (badness 10000) in paragraph at lines 1021--1022

 []


Underfull \hbox (badness 10000) in paragraph at lines 1034--1036

 []

[38] [39] [40]
Underfull \hbox (badness 10000) in paragraph at lines 1134--1138

 []


Underfull \hbox (badness 10000) in paragraph at lines 1153--1155

 []

[41]
Underfull \hbox (badness 10000) in paragraph at lines 1161--1162

 []

[42]
Chapitre 5.
[43

] [44] [45] [46]
</home/boukala/Bureau/Memoire/figures/chiffres.png, id=869, 985.6825pt x 166.62
25pt>
File: /home/boukala/Bureau/Memoire/figures/chiffres.png Graphic file (type png)

 <use /home/boukala/Bureau/Memoire/figures/chiffres.png>
Package pdftex.def Info: /home/boukala/Bureau/Memoire/figures/chiffres.png used
 on input line 1292.
(pdftex.def)             Requested size: 394.266pt x 66.64781pt.

Overfull \hbox (4.266pt too wide) in paragraph at lines 1292--1293
 [] 
 []


Overfull \hbox (79.30023pt too wide) in paragraph at lines 1312--1312
[]\T1/lmtt/m/n/12 inputfile = inputfile.translate(string.maketrans(^^P^^Q,^^Q^^
Q), string.punctuation)[] 
 []


</home/boukala/Bureau/Memoire/figures/ponctuation.png, id=870, 992.70876pt x 11
2.42pt>
File: /home/boukala/Bureau/Memoire/figures/ponctuation.png Graphic file (type p
ng)
 <use /home/boukala/Bureau/Memoire/figures/ponctuation.png>
Package pdftex.def Info: /home/boukala/Bureau/Memoire/figures/ponctuation.png u
sed on input line 1319.
(pdftex.def)             Requested size: 397.07648pt x 44.9672pt.

Overfull \hbox (7.07648pt too wide) in paragraph at lines 1319--1320
 [] 
 []

[47 </home/boukala/Bureau/Memoire/figures/chiffres.png> </home/boukala/Bureau/M
emoire/figures/ponctuation.png>]
</home/boukala/Bureau/Memoire/figures/removestopwords.png, id=877, 993.7125pt x
 74.2775pt>
File: /home/boukala/Bureau/Memoire/figures/removestopwords.png Graphic file (ty
pe png)
 <use /home/boukala/Bureau/Memoire/figures/removestopwords.png>
Package pdftex.def Info: /home/boukala/Bureau/Memoire/figures/removestopwords.p
ng used on input line 1349.
(pdftex.def)             Requested size: 447.16649pt x 33.42456pt.

Overfull \hbox (57.16649pt too wide) in paragraph at lines 1349--1350
 [] 
 []


</home/boukala/Bureau/Memoire/figures/stopwords.png, id=878, 155.58125pt x 419.
5675pt>
File: /home/boukala/Bureau/Memoire/figures/stopwords.png Graphic file (type png
)
 <use /home/boukala/Bureau/Memoire/figures/stopwords.png>
Package pdftex.def Info: /home/boukala/Bureau/Memoire/figures/stopwords.png use
d on input line 1363.
(pdftex.def)             Requested size: 93.34946pt x 251.74243pt.


LaTeX Warning: `!h' float specifier changed to `!ht'.


Underfull \hbox (badness 10000) in paragraph at lines 1375--1378

 []

[48 </home/boukala/Bureau/Memoire/figures/removestopwords.png>]
</home/boukala/Bureau/Memoire/figures/stemmer.png, id=891, 981.6675pt x 54.2025
pt>
File: /home/boukala/Bureau/Memoire/figures/stemmer.png Graphic file (type png)
 <use /home/boukala/Bureau/Memoire/figures/stemmer.png>
Package pdftex.def Info: /home/boukala/Bureau/Memoire/figures/stemmer.png used 
on input line 1402.
(pdftex.def)             Requested size: 490.83255pt x 27.10118pt.

Overfull \hbox (100.83255pt too wide) in paragraph at lines 1402--1403
 [] 
 []

[49 </home/boukala/Bureau/Memoire/figures/stopwords.png> </home/boukala/Bureau/
Memoire/figures/stemmer.png>]
</home/boukala/Bureau/Memoire/figures/text2onto.png, id=901, 688.5725pt x 444.6
6125pt>
File: /home/boukala/Bureau/Memoire/figures/text2onto.png Graphic file (type png
)
 <use /home/boukala/Bureau/Memoire/figures/text2onto.png>
Package pdftex.def Info: /home/boukala/Bureau/Memoire/figures/text2onto.png use
d on input line 1420.
(pdftex.def)             Requested size: 413.14668pt x 266.7988pt.

Overfull \hbox (23.14668pt too wide) in paragraph at lines 1420--1421
 [] 
 []

[50 </home/boukala/Bureau/Memoire/figures/text2onto.png (PNG copy)>]
Underfull \hbox (badness 10000) in paragraph at lines 1442--1444

 []

[51]
</home/boukala/Bureau/Memoire/figures/protege.png, id=925, 1022.82124pt x 650.4
3pt>
File: /home/boukala/Bureau/Memoire/figures/protege.png Graphic file (type png)
 <use /home/boukala/Bureau/Memoire/figures/protege.png>
Package pdftex.def Info: /home/boukala/Bureau/Memoire/figures/protege.png used 
on input line 1474.
(pdftex.def)             Requested size: 409.12125pt x 260.16739pt.

Overfull \hbox (19.12125pt too wide) in paragraph at lines 1474--1475
 [] 
 []

[52 </home/boukala/Bureau/Memoire/figures/protege.png>]
</home/boukala/Bureau/Memoire/figures/equivalence.png, id=935, 986.68625pt x 90
.3375pt>
File: /home/boukala/Bureau/Memoire/figures/equivalence.png Graphic file (type p
ng)
 <use /home/boukala/Bureau/Memoire/figures/equivalence.png>
Package pdftex.def Info: /home/boukala/Bureau/Memoire/figures/equivalence.png u
sed on input line 1490.
(pdftex.def)             Requested size: 444.00471pt x 40.65149pt.

Overfull \hbox (54.00471pt too wide) in paragraph at lines 1490--1491
 [] 
 []


</home/boukala/Bureau/Memoire/figures/offers.png, id=936, 1071.00125pt x 57.213
75pt>
File: /home/boukala/Bureau/Memoire/figures/offers.png Graphic file (type png)
 <use /home/boukala/Bureau/Memoire/figures/offers.png>
Package pdftex.def Info: /home/boukala/Bureau/Memoire/figures/offers.png used o
n input line 1502.
(pdftex.def)             Requested size: 481.9461pt x 25.74594pt.

Overfull \hbox (91.9461pt too wide) in paragraph at lines 1502--1503
 [] 
 []


</home/boukala/Bureau/Memoire/figures/offered.png, id=937, 1092.08pt x 57.21375
pt>
File: /home/boukala/Bureau/Memoire/figures/offered.png Graphic file (type png)
 <use /home/boukala/Bureau/Memoire/figures/offered.png>
Package pdftex.def Info: /home/boukala/Bureau/Memoire/figures/offered.png used 
on input line 1511.
(pdftex.def)             Requested size: 491.43147pt x 25.74594pt.

Overfull \hbox (101.43147pt too wide) in paragraph at lines 1511--1512
 [] 
 []


Underfull \hbox (badness 10000) in paragraph at lines 1516--1517

 []


</home/boukala/Bureau/Memoire/figures/inverse.png, id=939, 1067.99pt x 97.36375
pt>
File: /home/boukala/Bureau/Memoire/figures/inverse.png Graphic file (type png)
 <use /home/boukala/Bureau/Memoire/figures/inverse.png>
Package pdftex.def Info: /home/boukala/Bureau/Memoire/figures/inverse.png used 
on input line 1523.
(pdftex.def)             Requested size: 480.59106pt x 43.81326pt.

Overfull \hbox (90.59106pt too wide) in paragraph at lines 1523--1524
 [] 
 []


LaTeX Warning: `!h' float specifier changed to `!ht'.

[53 </home/boukala/Bureau/Memoire/figures/equivalence.png> </home/boukala/Burea
u/Memoire/figures/offers.png> </home/boukala/Bureau/Memoire/figures/offered.png
>]
Overfull \hbox (2.80017pt too wide) in paragraph at lines 1532--1532
[]\T1/lmr/bx/n/14.4 Insurance : Mo-teur de re-cherche sé-man-tique pour
 []


Underfull \hbox (badness 10000) in paragraph at lines 1540--1541

 []


</home/boukala/Bureau/Memoire/figures/recherche.png, id=947, 1203.49625pt x 368
.37625pt>
File: /home/boukala/Bureau/Memoire/figures/recherche.png Graphic file (type png
)
 <use /home/boukala/Bureau/Memoire/figures/recherche.png>
Package pdftex.def Info: /home/boukala/Bureau/Memoire/figures/recherche.png use
d on input line 1546.
(pdftex.def)             Requested size: 481.38997pt x 147.34789pt.

Overfull \hbox (91.38997pt too wide) in paragraph at lines 1546--1547
 [] 
 []

[54 </home/boukala/Bureau/Memoire/figures/inverse.png> </home/boukala/Bureau/Me
moire/figures/recherche.png>]
</home/boukala/Bureau/Memoire/figures/resultat.png, id=957, 1200.485pt x 672.51
25pt>
File: /home/boukala/Bureau/Memoire/figures/resultat.png Graphic file (type png)

 <use /home/boukala/Bureau/Memoire/figures/resultat.png>
Package pdftex.def Info: /home/boukala/Bureau/Memoire/figures/resultat.png used
 on input line 1563.
(pdftex.def)             Requested size: 480.1855pt x 269.00023pt.

Overfull \hbox (90.1855pt too wide) in paragraph at lines 1563--1564
 [] 
 []

[55 </home/boukala/Bureau/Memoire/figures/resultat.png>] [56]
Underfull \hbox (badness 10000) in paragraph at lines 1623--1624

 []

[57

]
Underfull \hbox (badness 10000) in paragraph at lines 1640--1641

 []


Overfull \hbox (3.4247pt too wide) in paragraph at lines 1651--1652
 [][] \T1/lmr/m/n/12 Après que l'on-to-lo-gie soit gé-né-rée au-to-ma-ti-que-me
nt, un lé-ger tra-vail d'adap-
 []

[58]
Underfull \hbox (badness 10000) in paragraph at lines 1662--1663

 []


Underfull \hbox (badness 10000) in paragraph at lines 1664--1666

 []


Underfull \hbox (badness 10000) in paragraph at lines 1666--1668

 []


Underfull \hbox (badness 10000) in paragraph at lines 1668--1669

 []


Underfull \hbox (badness 10000) in paragraph at lines 1672--1673

 []


Underfull \hbox (badness 10000) in paragraph at lines 1676--1678

 []


Underfull \hbox (badness 10000) in paragraph at lines 1679--1681

 []


Underfull \hbox (badness 10000) in paragraph at lines 1682--1683

 []


Underfull \hbox (badness 10000) in paragraph at lines 1684--1685

 []

(./Memoire.bbl [59] [60

] [61])

Package natbib Warning: There were undefined citations.

Package atveryend Info: Empty hook `BeforeClearDocument' on input line 1695.
[62]
Package atveryend Info: Empty hook `AfterLastShipout' on input line 1695.
 (./Memoire.aux)
Package atveryend Info: Executing hook `AtVeryEndDocument' on input line 1695.
Package atveryend Info: Executing hook `AtEndAfterFileList' on input line 1695.



Package rerunfilecheck Warning: File `Memoire.out' has changed.
(rerunfilecheck)                Rerun to get outlines right
(rerunfilecheck)                or use package `bookmark'.

Package rerunfilecheck Info: Checksums for `Memoire.out':
(rerunfilecheck)             Before: F8D3CB4067B6A16F8DE40B6A66A89B85;3546
(rerunfilecheck)             After:  B1EA09B0E207E039C211F83A5CA142AF;3658.
Package atveryend Info: Empty hook `AtVeryVeryEnd' on input line 1695.
 ) 
Here is how much of TeX's memory you used:
 11919 strings out of 493029
 176117 string characters out of 6136235
 268697 words of memory out of 5000000
 14761 multiletter control sequences out of 15000+600000
 61646 words of font info for 41 fonts, out of 8000000 for 9000
 1141 hyphenation exceptions out of 8191
 36i,7n,43p,725b,602s stack positions out of 5000i,500n,10000p,200000b,80000s
{/usr/share/texmf/fonts/enc/dvips/lm/lm-rm.enc}{/usr/share/texmf/fonts/enc/dv
ips/lm/lm-mathit.enc}{/usr/share/texmf/fonts/enc/dvips/lm/lm-mathsy.enc}{/usr/s
hare/texmf/fonts/enc/dvips/lm/lm-mathex.enc}{/usr/share/texmf/fonts/enc/dvips/l
m/lm-ec.enc}</usr/share/texmf/fonts/type1/public/lm/lmbx12.pfb></usr/share/texm
f/fonts/type1/public/lm/lmbxi10.pfb></usr/share/texmf/fonts/type1/public/lm/lmc
sc10.pfb></usr/share/texmf/fonts/type1/public/lm/lmex10.pfb></usr/share/texmf/f
onts/type1/public/lm/lmmi12.pfb></usr/share/texmf/fonts/type1/public/lm/lmmi6.p
fb></usr/share/texmf/fonts/type1/public/lm/lmmi8.pfb></usr/share/texmf/fonts/ty
pe1/public/lm/lmr10.pfb></usr/share/texmf/fonts/type1/public/lm/lmr12.pfb></usr
/share/texmf/fonts/type1/public/lm/lmr8.pfb></usr/share/texmf/fonts/type1/publi
c/lm/lmri12.pfb></usr/share/texmf/fonts/type1/public/lm/lmsy10.pfb></usr/share/
texmf/fonts/type1/public/lm/lmsy8.pfb></usr/share/texmf/fonts/type1/public/lm/l
mtt12.pfb>
Output written on Memoire.pdf (65 pages, 2422543 bytes).
PDF statistics:
 1188 PDF objects out of 1200 (max. 8388607)
 1069 compressed objects within 11 object streams
 516 named destinations out of 1000 (max. 500000)
 475 words of extra memory for PDF output out of 10000 (max. 10000000)

